<?xml version="1.0" encoding="UTF-8"?>
<testsuite name="File upload in herokuapp" tests="1" skipped="0" failures="0" errors="0" timestamp="2022-06-30T17:23:27" hostname="SQAJBARBOSA" time="7.399">
  <properties/>
  <testcase name="File upload successfully" classname="File upload in herokuapp" time="7.399"/>
  <system-out><![CDATA[]]></system-out>
  <system-err><![CDATA[jun 30, 2022 12:23:27 PM org.openqa.selenium.remote.DesiredCapabilities chrome
INFORMACIÓN: Using `new ChromeOptions()` is preferred to `DesiredCapabilities.chrome()`
[Test worker] INFO net.serenitybdd.core.webdriver.driverproviders.ProvideNewDriver - Instantiating driver
[Test worker] INFO net.serenitybdd.core.webdriver.driverproviders.ProvideNewDriver - Driver capabilities: Capabilities {acceptInsecureCerts: false, browserName: chrome, chrome.switches: --start-maximized --disable..., goog:chromeOptions: {args: [--start-maximized, --disable-popup-blocking], extensions: [], prefs: {download.default_directory: C:\Users\SQA\Downloads\Reto...}}, loggingPrefs: org.openqa.selenium.logging..., platform: ANY, supportsAlerts: false, unexpectedAlertBehaviour: ignore, unhandledPromptBehavior: ignore, version: }
Starting ChromeDriver 103.0.5060.53 (a1711811edd74ff1cf2150f36ffa3b0dae40b17f-refs/branch-heads/5060@{#853}) on port 48324
Only local connections are allowed.
Please see https://chromedriver.chromium.org/security-considerations for suggestions on keeping ChromeDriver safe.
ChromeDriver was started successfully.
jun 30, 2022 12:23:29 PM org.openqa.selenium.remote.ProtocolHandshake createSession
INFORMACIÓN: Detected dialect: W3C
[Test worker] INFO net.thucydides.core.steps.ConsoleLoggingListener - 
        __    _____ _____ ____ _____   ____   _    ____  ____  _____ ____  
  _     \ \  |_   _| ____/ ___|_   _| |  _ \ / \  / ___|/ ___|| ____|  _ \ 
 (_)_____| |   | | |  _| \___ \ | |   | |_) / _ \ \___ \\___ \|  _| | | | |
  _|_____| |   | | | |___ ___) || |   |  __/ ___ \ ___) |___) | |___| |_| |
 (_)     | |   |_| |_____|____/ |_|   |_| /_/   \_\____/|____/|_____|____/ 
        /_/                                                                

TEST PASSED: File upload successfully
----------------------------------------------------------------------------
]]></system-err>
</testsuite>
